<?xml version="1.0" encoding="UTF-8"?>
<!-- Generated by org.testng.reporters.JUnitReportReporter -->
<testsuite skipped="0" hostname="M4533474" name="git.PrimaryClass" tests="1" failures="0" timestamp="18 May 2019 09:12:45 GMT" time="0.015" errors="0">
  <testcase name="PrintMessage" time="0.015" classname="git.PrimaryClass"/>
</testsuite> <!-- git.PrimaryClass -->
